# JRE version: OpenJDK Runtime Environment Temurin-17.0.18+8 (17.0.18+8) (build 17.0.18+8)
# Java VM: OpenJDK 64-Bit Server VM Temurin-17.0.18+8 (17.0.18+8, mixed mode, emulated-client, sharing, tiered, compressed oops, compressed class ptrs, g1 gc, windows-amd64)
GC Precious Log:
 CPUs: 12 total, 12 available
 Memory: 3739M
 Large Page Support: Disabled
 NUMA Support: Disabled
 Compressed Oops: Enabled (32-bit)
 Heap Region Size: 1M
 Heap Min Capacity: 8M
 Heap Initial Capacity: 60M
 Heap Max Capacity: 936M
 Pre-touch: Disabled
 Parallel Workers: 10
 Concurrent Workers: 3
 Concurrent Refinement Workers: 10
 Periodic GC: Disabled
Heap:
 garbage-first heap   total 73728K, used 30866K [0x00000000c5800000, 0x0000000100000000)
  region size 1024K, 4 young (4096K), 4 survivors (4096K)
 Metaspace       used 39895K, committed 40448K, reserved 1114112K
  class space    used 5744K, committed 6016K, reserved 1048576K
GC Heap History (20 events):
Event: 3.562 GC heap after
{Heap after GC invocations=3 (full 0):
 garbage-first heap   total 61440K, used 18747K [0x00000000c5800000, 0x0000000100000000)
  region size 1024K, 2 young (2048K), 2 survivors (2048K)
 Metaspace       used 10792K, committed 11136K, reserved 1114112K
  class space    used 1519K, committed 1664K, reserved 1048576K
}
Event: 4.077 GC heap before
{Heap before GC invocations=3 (full 0):
 garbage-first heap   total 61440K, used 37179K [0x00000000c5800000, 0x0000000100000000)
  region size 1024K, 20 young (20480K), 2 survivors (2048K)
 Metaspace       used 14420K, committed 14720K, reserved 1114112K
  class space    used 2125K, committed 2304K, reserved 1048576K
}
Event: 4.083 GC heap after
{Heap after GC invocations=4 (full 0):
 garbage-first heap   total 61440K, used 19835K [0x00000000c5800000, 0x0000000100000000)
  region size 1024K, 3 young (3072K), 3 survivors (3072K)
 Metaspace       used 14420K, committed 14720K, reserved 1114112K
  class space    used 2125K, committed 2304K, reserved 1048576K
}
Event: 4.582 GC heap before
{Heap before GC invocations=4 (full 0):
 garbage-first heap   total 61440K, used 38267K [0x00000000c5800000, 0x0000000100000000)
  region size 1024K, 22 young (22528K), 3 survivors (3072K)
 Metaspace       used 17737K, committed 18112K, reserved 1114112K
  class space    used 2457K, committed 2624K, reserved 1048576K
}
Event: 4.590 GC heap after
{Heap after GC invocations=5 (full 0):
 garbage-first heap   total 61440K, used 21616K [0x00000000c5800000, 0x0000000100000000)
  region size 1024K, 3 young (3072K), 3 survivors (3072K)
 Metaspace       used 17737K, committed 18112K, reserved 1114112K
  class space    used 2457K, committed 2624K, reserved 1048576K
}
Event: 5.161 GC heap before
{Heap before GC invocations=5 (full 0):
 garbage-first heap   total 61440K, used 40048K [0x00000000c5800000, 0x0000000100000000)
  region size 1024K, 22 young (22528K), 3 survivors (3072K)
 Metaspace       used 20395K, committed 20736K, reserved 1114112K
  class space    used 2843K, committed 3008K, reserved 1048576K
}
Event: 5.172 GC heap after
{Heap after GC invocations=6 (full 0):
 garbage-first heap   total 61440K, used 23515K [0x00000000c5800000, 0x0000000100000000)
  region size 1024K, 2 young (2048K), 2 survivors (2048K)
 Metaspace       used 20395K, committed 20736K, reserved 1114112K
  class space    used 2843K, committed 3008K, reserved 1048576K
}
Event: 5.397 GC heap before
{Heap before GC invocations=6 (full 0):
 garbage-first heap   total 61440K, used 28635K [0x00000000c5800000, 0x0000000100000000)
  region size 1024K, 8 young (8192K), 2 survivors (2048K)
 Metaspace       used 21148K, committed 21504K, reserved 1114112K
  class space    used 2961K, committed 3136K, reserved 1048576K
}
Event: 5.421 GC heap after
{Heap after GC invocations=7 (full 0):
 garbage-first heap   total 73728K, used 24012K [0x00000000c5800000, 0x0000000100000000)
  region size 1024K, 3 young (3072K), 3 survivors (3072K)
 Metaspace       used 21148K, committed 21504K, reserved 1114112K
  class space    used 2961K, committed 3136K, reserved 1048576K
}
Event: 6.798 GC heap before
{Heap before GC invocations=8 (full 0):
 garbage-first heap   total 73728K, used 47405K [0x00000000c5800000, 0x0000000100000000)
  region size 1024K, 29 young (29696K), 3 survivors (3072K)
 Metaspace       used 24598K, committed 24960K, reserved 1114112K
  class space    used 3530K, committed 3712K, reserved 1048576K
}
Event: 6.807 GC heap after
{Heap after GC invocations=9 (full 0):
 garbage-first heap   total 73728K, used 22984K [0x00000000c5800000, 0x0000000100000000)
  region size 1024K, 3 young (3072K), 3 survivors (3072K)
 Metaspace       used 24598K, committed 24960K, reserved 1114112K
  class space    used 3530K, committed 3712K, reserved 1048576K
}
Event: 6.862 GC heap before
{Heap before GC invocations=9 (full 0):
 garbage-first heap   total 73728K, used 24008K [0x00000000c5800000, 0x0000000100000000)
  region size 1024K, 4 young (4096K), 3 survivors (3072K)
 Metaspace       used 24779K, committed 25152K, reserved 1114112K
  class space    used 3553K, committed 3712K, reserved 1048576K
}
Event: 6.876 GC heap after
{Heap after GC invocations=10 (full 0):
 garbage-first heap   total 73728K, used 22531K [0x00000000c5800000, 0x0000000100000000)
  region size 1024K, 1 young (1024K), 1 survivors (1024K)
 Metaspace       used 24779K, committed 25152K, reserved 1114112K
  class space    used 3553K, committed 3712K, reserved 1048576K
}
Event: 8.694 GC heap before
{Heap before GC invocations=10 (full 0):
 garbage-first heap   total 73728K, used 52227K [0x00000000c5800000, 0x0000000100000000)
  region size 1024K, 30 young (30720K), 1 survivors (1024K)
 Metaspace       used 30023K, committed 30528K, reserved 1114112K
  class space    used 4206K, committed 4480K, reserved 1048576K
}
Event: 8.699 GC heap after
{Heap after GC invocations=11 (full 0):
 garbage-first heap   total 73728K, used 24894K [0x00000000c5800000, 0x0000000100000000)
  region size 1024K, 3 young (3072K), 3 survivors (3072K)
 Metaspace       used 30023K, committed 30528K, reserved 1114112K
  class space    used 4206K, committed 4480K, reserved 1048576K
}
Event: 12.425 GC heap before
{Heap before GC invocations=11 (full 0):
 garbage-first heap   total 73728K, used 53566K [0x00000000c5800000, 0x0000000100000000)
  region size 1024K, 31 young (31744K), 3 survivors (3072K)
 Metaspace       used 35131K, committed 35712K, reserved 1114112K
  class space    used 5029K, committed 5312K, reserved 1048576K
}
Event: 12.530 GC heap after
{Heap after GC invocations=12 (full 0):
 garbage-first heap   total 73728K, used 27334K [0x00000000c5800000, 0x0000000100000000)
  region size 1024K, 3 young (3072K), 3 survivors (3072K)
 Metaspace       used 35131K, committed 35712K, reserved 1114112K
  class space    used 5029K, committed 5312K, reserved 1048576K
}
Event: 12.677 GC heap before
{Heap before GC invocations=12 (full 0):
 garbage-first heap   total 73728K, used 32454K [0x00000000c5800000, 0x0000000100000000)
  region size 1024K, 10 young (10240K), 3 survivors (3072K)
 Metaspace       used 35475K, committed 35968K, reserved 1114112K
  class space    used 5077K, committed 5312K, reserved 1048576K
}
Event: 12.683 GC heap after
{Heap after GC invocations=13 (full 0):
 garbage-first heap   total 73728K, used 29287K [0x00000000c5800000, 0x0000000100000000)
  region size 1024K, 2 young (2048K), 2 survivors (2048K)
 Metaspace       used 35475K, committed 35968K, reserved 1114112K
  class space    used 5077K, committed 5312K, reserved 1048576K
}
Event: 510.647 GC heap before
{Heap before GC invocations=14 (full 0):
 garbage-first heap   total 73728K, used 53863K [0x00000000c5800000, 0x0000000100000000)
  region size 1024K, 26 young (26624K), 2 survivors (2048K)
 Metaspace       used 39895K, committed 40448K, reserved 1114112K
  class space    used 5744K, committed 6016K, reserved 1048576K
}

